<?xml version="1.0" encoding="UTF-8"?>
<!-- Generated by org.testng.reporters.JUnitReportReporter -->
<testsuite hostname="LAPTOP-1FVCPL3P" failures="0" tests="1" name="testscripts.CategoryTest" time="9.197" errors="0" timestamp="2025-03-12T09:20:12 IST" skipped="0">
  <testcase classname="testscripts.CategoryTest" name="verifyuserisableToupdatecategory" time="9.197"/>
</testsuite> <!-- testscripts.CategoryTest -->
