<?xml version="1.0" encoding="UTF-8"?>
<!-- Generated by org.testng.reporters.JUnitReportReporter -->
<testsuite hostname="LAPTOP-1FVCPL3P" failures="0" tests="1" name="testscripts.ManagecontactTest" time="10.112" errors="0" timestamp="2025-03-18T21:40:08 IST" skipped="0">
  <testcase classname="testscripts.ManagecontactTest" name="verifyuserisableTomanageContactDetails" time="10.112"/>
</testsuite> <!-- testscripts.ManagecontactTest -->
