<?xml version="1.0" encoding="UTF-8"?>
<!-- Generated by org.testng.reporters.JUnitReportReporter -->
<testsuite hostname="LAPTOP-1FVCPL3P" failures="0" tests="3" name="testscripts.SubcategoryTest" time="24.456" errors="0" timestamp="2025-03-20T11:37:43 IST" skipped="0">
  <testcase classname="testscripts.SubcategoryTest" name="verifyuserisableToupdateCategory" time="9.138"/>
  <testcase classname="testscripts.SubcategoryTest" name="verifyAddNewSubCategoryWithValidDetails" time="7.956"/>
  <testcase classname="testscripts.SubcategoryTest" name="deletesubCategory" time="7.362"/>
</testsuite> <!-- testscripts.SubcategoryTest -->
