<?xml version="1.0" encoding="UTF-8"?>
<!-- Generated by org.testng.reporters.JUnitReportReporter -->
<testsuite hostname="LAPTOP-1FVCPL3P" failures="0" tests="1" name="testscripts.SubcategoryTest" time="6.028" errors="0" timestamp="2025-03-11T17:29:01 IST" skipped="0">
  <testcase classname="testscripts.SubcategoryTest" name="verifyuserisableToupdateCategory" time="6.028"/>
</testsuite> <!-- testscripts.SubcategoryTest -->
