<?xml version="1.0" encoding="UTF-8"?>
<!-- Generated by org.testng.reporters.JUnitReportReporter -->
<testsuite hostname="LAPTOP-1FVCPL3P" failures="0" tests="1" name="testscripts.UpdateTest" time="6.244" errors="0" timestamp="2025-02-26T18:19:14 IST" skipped="0">
  <testcase classname="testscripts.UpdateTest" name="updateSubCategory" time="6.244"/>
</testsuite> <!-- testscripts.UpdateTest -->
