<?xml version="1.0" encoding="UTF-8"?>
<!-- Generated by org.testng.reporters.JUnitReportReporter -->
<testsuite hostname="LAPTOP-1FVCPL3P" failures="0" tests="3" name="testscripts.SubcategoryTest" time="13.788" errors="0" timestamp="2025-03-13T09:44:25 IST" skipped="0">
  <testcase classname="testscripts.SubcategoryTest" name="verifyAddNewSubCategoryWithValidDetails" time="4.205"/>
  <testcase classname="testscripts.SubcategoryTest" name="verifyuserisableToupdateCategory" time="4.402"/>
  <testcase classname="testscripts.SubcategoryTest" name="deletesubCategory" time="5.181"/>
</testsuite> <!-- testscripts.SubcategoryTest -->
