<?xml version="1.0" encoding="UTF-8"?>
<!-- Generated by org.testng.reporters.JUnitReportReporter -->
<testsuite hostname="LAPTOP-1FVCPL3P" failures="0" tests="1" name="testscripts.ClickcategoryTest" time="10.052" errors="0" timestamp="2025-03-02T11:55:28 IST" skipped="0">
  <testcase classname="testscripts.ClickcategoryTest" name="verifyClickCategory" time="10.052"/>
</testsuite> <!-- testscripts.ClickcategoryTest -->
