<?xml version="1.0" encoding="UTF-8"?>
<!-- Generated by org.testng.reporters.JUnitReportReporter -->
<testsuite hostname="LAPTOP-1FVCPL3P" failures="0" tests="1" name="testscripts.ManagecontactTest" time="5.785" errors="0" timestamp="2025-03-11T17:23:25 IST" skipped="0">
  <testcase classname="testscripts.ManagecontactTest" name="verifyuserisableTomanageContactDetails" time="5.785"/>
</testsuite> <!-- testscripts.ManagecontactTest -->
