<?xml version="1.0" encoding="UTF-8"?>
<!-- Generated by org.testng.reporters.JUnitReportReporter -->
<testsuite hostname="LAPTOP-1FVCPL3P" failures="0" tests="1" name="testscripts.AdminUsersTest" time="8.844" errors="0" timestamp="2025-03-12T11:24:48 IST" skipped="0">
  <testcase classname="testscripts.AdminUsersTest" name="verifyuserisableToCreateNewAdminUser" time="8.844"/>
</testsuite> <!-- testscripts.AdminUsersTest -->
