<?xml version="1.0" encoding="UTF-8"?>
<!-- Generated by org.testng.reporters.JUnitReportReporter -->
<testsuite hostname="LAPTOP-1FVCPL3P" failures="0" tests="1" name="testscripts.ManageFooterTest" time="5.714" errors="0" timestamp="2025-03-11T17:25:12 IST" skipped="0">
  <testcase classname="testscripts.ManageFooterTest" name="verifyuserisableTomanageproduct" time="5.714"/>
</testsuite> <!-- testscripts.ManageFooterTest -->
