<?xml version="1.0" encoding="UTF-8"?>
<!-- Generated by org.testng.reporters.JUnitReportReporter -->
<testsuite hostname="LAPTOP-1FVCPL3P" failures="0" tests="6" name="testscripts.LoginTest" time="44.916" errors="0" timestamp="2025-03-13T09:54:35 IST" skipped="0">
  <testcase classname="testscripts.LoginTest" name="verifyUserIsableToLoginWithInvalidCredentials" time="9.637"/>
  <testcase classname="testscripts.LoginTest" name="vrifyuserisAbletologinWithValidCredentials" time="4.045"/>
  <testcase classname="testscripts.LoginTest" name="verifyUserIsabletologinWithValidUsernameInvalidpassword" time="7.058"/>
  <testcase classname="testscripts.LoginTest" name="verifyUserIsabletologinWithValidUsernameInvalidpassword" time="3.026"/>
  <testcase classname="testscripts.LoginTest" name="verifyUserisAbletoLoginWithinvalidusernameAndvalidpassword" time="4.746"/>
  <testcase classname="testscripts.LoginTest" name="verifyUserIsabletologinWithValidUsernameInvalidpassword" time="16.404"/>
</testsuite> <!-- testscripts.LoginTest -->
