<?xml version="1.0" encoding="UTF-8"?>
<!-- Generated by org.testng.reporters.JUnitReportReporter -->
<testsuite hostname="LAPTOP-1FVCPL3P" failures="0" tests="1" name="testscripts.ManagenewsTest" time="5.233" errors="0" timestamp="2025-03-11T17:26:55 IST" skipped="0">
  <testcase classname="testscripts.ManagenewsTest" name="verifyuserisableTonewseditNews" time="5.233"/>
</testsuite> <!-- testscripts.ManagenewsTest -->
